Running: /opt/tools/xilinx/ise/14.7/ISE_DS/ISE/bin/lin64/unwrapped/fuse -intstyle ise -incremental -lib unisims_ver -lib unimacro_ver -lib xilinxcorelib_ver -o /home/kommi/Downloads/pipelining/if_tb_isim_beh.exe -prj /home/kommi/Downloads/pipelining/if_tb_beh.prj work.if_tb work.glbl 
ISim P.20131013 (signature 0xfbc00daa)
Number of CPUs detected in this system: 1
Turning on mult-threading, number of parallel sub-compilation jobs: 0 
Determining compilation order of HDL files
Analyzing Verilog file "/home/kommi/Downloads/pipelining/imem.v" into library work
Analyzing Verilog file "/home/kommi/Downloads/pipelining/Instr_fetch.v" into library work
Analyzing Verilog file "/home/kommi/Downloads/pipelining/if_tb.v" into library work
Analyzing Verilog file "/opt/tools/xilinx/ise/14.7/ISE_DS/ISE//verilog/src/glbl.v" into library work
Starting static elaboration
Completed static elaboration
Fuse Memory Usage: 94680 KB
Fuse CPU Usage: 1300 ms
Compiling module imem
Compiling module Instr_fetch
Compiling module if_tb
Compiling module glbl
Time Resolution for simulation is 1ps.
Compiled 4 Verilog Units
Built simulation executable /home/kommi/Downloads/pipelining/if_tb_isim_beh.exe
Fuse Memory Usage: 97788 KB
Fuse CPU Usage: 1310 ms
GCC CPU Usage: 340 ms
